2025-10-08T04:11:00.714+02:00  INFO 6456 --- [pantoja] [main] pe.edu.upeu.pantoja.PantojaApplication   : Starting PantojaApplication using Java 24.0.2 with PID 6456 (C:\Users\Yusaki\Documents\Nueva carpeta\target\classes started by Yusaki in C:\Users\Yusaki\Documents\Nueva carpeta)
2025-10-08T04:11:00.731+02:00  INFO 6456 --- [pantoja] [main] pe.edu.upeu.pantoja.PantojaApplication   : No active profile set, falling back to 1 default profile: "default"
2025-10-08T04:11:03.113+02:00  INFO 6456 --- [pantoja] [main] .s.d.r.c.RepositoryConfigurationDelegate : Bootstrapping Spring Data JPA repositories in DEFAULT mode.
2025-10-08T04:11:03.307+02:00  INFO 6456 --- [pantoja] [main] .s.d.r.c.RepositoryConfigurationDelegate : Finished Spring Data repository scanning in 154 ms. Found 4 JPA repository interfaces.
2025-10-08T04:11:04.521+02:00  INFO 6456 --- [pantoja] [main] o.s.b.w.embedded.tomcat.TomcatWebServer  : Tomcat initialized with port 9090 (http)
2025-10-08T04:11:04.602+02:00  INFO 6456 --- [pantoja] [main] o.apache.catalina.core.StandardService   : Starting service [Tomcat]
2025-10-08T04:11:04.602+02:00  INFO 6456 --- [pantoja] [main] o.apache.catalina.core.StandardEngine    : Starting Servlet engine: [Apache Tomcat/10.1.46]
2025-10-08T04:11:04.701+02:00  INFO 6456 --- [pantoja] [main] o.a.c.c.C.[Tomcat].[localhost].[/]       : Initializing Spring embedded WebApplicationContext
2025-10-08T04:11:04.702+02:00  INFO 6456 --- [pantoja] [main] w.s.c.ServletWebServerApplicationContext : Root WebApplicationContext: initialization completed in 3841 ms
2025-10-08T04:11:05.340+02:00  INFO 6456 --- [pantoja] [main] o.hibernate.jpa.internal.util.LogHelper  : HHH000204: Processing PersistenceUnitInfo [name: default]
2025-10-08T04:11:05.441+02:00  INFO 6456 --- [pantoja] [main] org.hibernate.Version                    : HHH000412: Hibernate ORM core version 6.6.29.Final
2025-10-08T04:11:05.481+02:00  INFO 6456 --- [pantoja] [main] o.h.c.internal.RegionFactoryInitiator    : HHH000026: Second-level cache disabled
2025-10-08T04:11:05.865+02:00  INFO 6456 --- [pantoja] [main] o.s.o.j.p.SpringPersistenceUnitInfo      : No LoadTimeWeaver setup: ignoring JPA class transformer
2025-10-08T04:11:05.945+02:00  INFO 6456 --- [pantoja] [main] com.zaxxer.hikari.HikariDataSource       : HikariPool-1 - Starting...
2025-10-08T04:11:06.653+02:00  INFO 6456 --- [pantoja] [main] com.zaxxer.hikari.pool.HikariPool        : HikariPool-1 - Added connection oracle.jdbc.driver.T4CConnection@376b5cb2
2025-10-08T04:11:06.655+02:00  INFO 6456 --- [pantoja] [main] com.zaxxer.hikari.HikariDataSource       : HikariPool-1 - Start completed.
2025-10-08T04:11:07.232+02:00  INFO 6456 --- [pantoja] [main] org.hibernate.orm.connections.pooling    : HHH10001005: Database info:
	Database JDBC URL [Connecting through datasource 'HikariDataSource (HikariPool-1)']
	Database driver: undefined/unknown
	Database version: 21.3
	Autocommit mode: undefined/unknown
	Isolation level: undefined/unknown
	Minimum pool size: undefined/unknown
	Maximum pool size: undefined/unknown
2025-10-08T04:11:08.821+02:00  INFO 6456 --- [pantoja] [main] o.h.e.t.j.p.i.JtaPlatformInitiator       : HHH000489: No JTA platform available (set 'hibernate.transaction.jta.platform' to enable JTA platform integration)
2025-10-08T04:11:09.001+02:00  INFO 6456 --- [pantoja] [main] j.LocalContainerEntityManagerFactoryBean : Initialized JPA EntityManagerFactory for persistence unit 'default'
2025-10-08T04:11:09.884+02:00  INFO 6456 --- [pantoja] [main] o.s.b.w.embedded.tomcat.TomcatWebServer  : Tomcat started on port 9090 (http) with context path '/'
2025-10-08T04:11:09.891+02:00  INFO 6456 --- [pantoja] [main] pe.edu.upeu.pantoja.PantojaApplication   : Started PantojaApplication in 10.458 seconds (process running for 11.98)
2025-10-08T04:15:20.442+02:00  INFO 6456 --- [pantoja] [http-nio-9090-exec-1] o.a.c.c.C.[Tomcat].[localhost].[/]       : Initializing Spring DispatcherServlet 'dispatcherServlet'
2025-10-08T04:15:20.443+02:00  INFO 6456 --- [pantoja] [http-nio-9090-exec-1] o.s.web.servlet.DispatcherServlet        : Initializing Servlet 'dispatcherServlet'
2025-10-08T04:15:20.444+02:00  INFO 6456 --- [pantoja] [http-nio-9090-exec-1] o.s.web.servlet.DispatcherServlet        : Completed initialization in 1 ms
2025-10-08T04:24:46.628+02:00  INFO 6456 --- [pantoja] [SpringApplicationShutdownHook] o.s.b.w.e.tomcat.GracefulShutdown        : Commencing graceful shutdown. Waiting for active requests to complete
2025-10-08T04:24:46.636+02:00  INFO 6456 --- [pantoja] [tomcat-shutdown] o.s.b.w.e.tomcat.GracefulShutdown        : Graceful shutdown complete
2025-10-08T04:24:46.668+02:00  INFO 6456 --- [pantoja] [SpringApplicationShutdownHook] j.LocalContainerEntityManagerFactoryBean : Closing JPA EntityManagerFactory for persistence unit 'default'
2025-10-08T04:24:46.691+02:00  INFO 6456 --- [pantoja] [SpringApplicationShutdownHook] com.zaxxer.hikari.HikariDataSource       : HikariPool-1 - Shutdown initiated...
2025-10-08T04:24:46.703+02:00  INFO 6456 --- [pantoja] [SpringApplicationShutdownHook] com.zaxxer.hikari.HikariDataSource       : HikariPool-1 - Shutdown completed.
2025-10-08T04:24:58.045+02:00  INFO 1636 --- [pantoja] [main] pe.edu.upeu.pantoja.PantojaApplication   : Starting PantojaApplication using Java 24.0.2 with PID 1636 (C:\Users\Yusaki\Documents\Nueva carpeta\target\classes started by Yusaki in C:\Users\Yusaki\Documents\Nueva carpeta)
2025-10-08T04:24:58.048+02:00  INFO 1636 --- [pantoja] [main] pe.edu.upeu.pantoja.PantojaApplication   : No active profile set, falling back to 1 default profile: "default"
2025-10-08T04:24:59.967+02:00  INFO 1636 --- [pantoja] [main] .s.d.r.c.RepositoryConfigurationDelegate : Bootstrapping Spring Data JPA repositories in DEFAULT mode.
2025-10-08T04:25:00.068+02:00  INFO 1636 --- [pantoja] [main] .s.d.r.c.RepositoryConfigurationDelegate : Finished Spring Data repository scanning in 88 ms. Found 4 JPA repository interfaces.
2025-10-08T04:25:01.012+02:00  INFO 1636 --- [pantoja] [main] o.s.b.w.embedded.tomcat.TomcatWebServer  : Tomcat initialized with port 9090 (http)
2025-10-08T04:25:01.095+02:00  INFO 1636 --- [pantoja] [main] o.apache.catalina.core.StandardService   : Starting service [Tomcat]
2025-10-08T04:25:01.096+02:00  INFO 1636 --- [pantoja] [main] o.apache.catalina.core.StandardEngine    : Starting Servlet engine: [Apache Tomcat/10.1.46]
2025-10-08T04:25:01.184+02:00  INFO 1636 --- [pantoja] [main] o.a.c.c.C.[Tomcat].[localhost].[/]       : Initializing Spring embedded WebApplicationContext
2025-10-08T04:25:01.185+02:00  INFO 1636 --- [pantoja] [main] w.s.c.ServletWebServerApplicationContext : Root WebApplicationContext: initialization completed in 3046 ms
2025-10-08T04:25:02.032+02:00  INFO 1636 --- [pantoja] [main] o.hibernate.jpa.internal.util.LogHelper  : HHH000204: Processing PersistenceUnitInfo [name: default]
2025-10-08T04:25:02.194+02:00  INFO 1636 --- [pantoja] [main] org.hibernate.Version                    : HHH000412: Hibernate ORM core version 6.6.29.Final
2025-10-08T04:25:02.258+02:00  INFO 1636 --- [pantoja] [main] o.h.c.internal.RegionFactoryInitiator    : HHH000026: Second-level cache disabled
2025-10-08T04:25:02.805+02:00  INFO 1636 --- [pantoja] [main] o.s.o.j.p.SpringPersistenceUnitInfo      : No LoadTimeWeaver setup: ignoring JPA class transformer
2025-10-08T04:25:02.939+02:00  INFO 1636 --- [pantoja] [main] com.zaxxer.hikari.HikariDataSource       : HikariPool-1 - Starting...
2025-10-08T04:25:03.691+02:00  INFO 1636 --- [pantoja] [main] com.zaxxer.hikari.pool.HikariPool        : HikariPool-1 - Added connection oracle.jdbc.driver.T4CConnection@32dcfeea
2025-10-08T04:25:03.693+02:00  INFO 1636 --- [pantoja] [main] com.zaxxer.hikari.HikariDataSource       : HikariPool-1 - Start completed.
2025-10-08T04:25:04.347+02:00  INFO 1636 --- [pantoja] [main] org.hibernate.orm.connections.pooling    : HHH10001005: Database info:
	Database JDBC URL [Connecting through datasource 'HikariDataSource (HikariPool-1)']
	Database driver: undefined/unknown
	Database version: 21.3
	Autocommit mode: undefined/unknown
	Isolation level: undefined/unknown
	Minimum pool size: undefined/unknown
	Maximum pool size: undefined/unknown
2025-10-08T04:25:06.069+02:00  INFO 1636 --- [pantoja] [main] o.h.e.t.j.p.i.JtaPlatformInitiator       : HHH000489: No JTA platform available (set 'hibernate.transaction.jta.platform' to enable JTA platform integration)
2025-10-08T04:25:06.403+02:00  INFO 1636 --- [pantoja] [main] j.LocalContainerEntityManagerFactoryBean : Initialized JPA EntityManagerFactory for persistence unit 'default'
2025-10-08T04:25:07.012+02:00  INFO 1636 --- [pantoja] [main] o.s.b.w.embedded.tomcat.TomcatWebServer  : Tomcat started on port 9090 (http) with context path '/'
2025-10-08T04:25:07.019+02:00  INFO 1636 --- [pantoja] [main] pe.edu.upeu.pantoja.PantojaApplication   : Started PantojaApplication in 9.925 seconds (process running for 11.395)
2025-10-08T04:25:10.568+02:00  INFO 1636 --- [pantoja] [http-nio-9090-exec-1] o.a.c.c.C.[Tomcat].[localhost].[/]       : Initializing Spring DispatcherServlet 'dispatcherServlet'
2025-10-08T04:25:10.568+02:00  INFO 1636 --- [pantoja] [http-nio-9090-exec-1] o.s.web.servlet.DispatcherServlet        : Initializing Servlet 'dispatcherServlet'
2025-10-08T04:25:10.569+02:00  INFO 1636 --- [pantoja] [http-nio-9090-exec-1] o.s.web.servlet.DispatcherServlet        : Completed initialization in 0 ms
2025-10-08T04:33:45.868+02:00  INFO 1636 --- [pantoja] [SpringApplicationShutdownHook] o.s.b.w.e.tomcat.GracefulShutdown        : Commencing graceful shutdown. Waiting for active requests to complete
2025-10-08T04:33:45.876+02:00  INFO 1636 --- [pantoja] [tomcat-shutdown] o.s.b.w.e.tomcat.GracefulShutdown        : Graceful shutdown complete
2025-10-08T04:33:45.932+02:00  INFO 1636 --- [pantoja] [SpringApplicationShutdownHook] j.LocalContainerEntityManagerFactoryBean : Closing JPA EntityManagerFactory for persistence unit 'default'
2025-10-08T04:33:45.997+02:00  INFO 1636 --- [pantoja] [SpringApplicationShutdownHook] com.zaxxer.hikari.HikariDataSource       : HikariPool-1 - Shutdown initiated...
2025-10-08T04:33:46.020+02:00  INFO 1636 --- [pantoja] [SpringApplicationShutdownHook] com.zaxxer.hikari.HikariDataSource       : HikariPool-1 - Shutdown completed.
2025-10-08T04:34:17.174+02:00  INFO 404 --- [pantoja] [main] pe.edu.upeu.pantoja.PantojaApplication   : Starting PantojaApplication using Java 24.0.2 with PID 404 (C:\Users\Yusaki\Documents\Nueva carpeta\target\classes started by Yusaki in C:\Users\Yusaki\Documents\Nueva carpeta)
2025-10-08T04:34:17.177+02:00  INFO 404 --- [pantoja] [main] pe.edu.upeu.pantoja.PantojaApplication   : No active profile set, falling back to 1 default profile: "default"
2025-10-08T04:34:19.393+02:00  INFO 404 --- [pantoja] [main] .s.d.r.c.RepositoryConfigurationDelegate : Bootstrapping Spring Data JPA repositories in DEFAULT mode.
2025-10-08T04:34:19.555+02:00  INFO 404 --- [pantoja] [main] .s.d.r.c.RepositoryConfigurationDelegate : Finished Spring Data repository scanning in 89 ms. Found 4 JPA repository interfaces.
2025-10-08T04:34:20.547+02:00  INFO 404 --- [pantoja] [main] o.s.b.w.embedded.tomcat.TomcatWebServer  : Tomcat initialized with port 9090 (http)
2025-10-08T04:34:20.623+02:00  INFO 404 --- [pantoja] [main] o.apache.catalina.core.StandardService   : Starting service [Tomcat]
2025-10-08T04:34:20.624+02:00  INFO 404 --- [pantoja] [main] o.apache.catalina.core.StandardEngine    : Starting Servlet engine: [Apache Tomcat/10.1.46]
2025-10-08T04:34:20.694+02:00  INFO 404 --- [pantoja] [main] o.a.c.c.C.[Tomcat].[localhost].[/]       : Initializing Spring embedded WebApplicationContext
2025-10-08T04:34:20.695+02:00  INFO 404 --- [pantoja] [main] w.s.c.ServletWebServerApplicationContext : Root WebApplicationContext: initialization completed in 3393 ms
2025-10-08T04:34:21.555+02:00  INFO 404 --- [pantoja] [main] o.hibernate.jpa.internal.util.LogHelper  : HHH000204: Processing PersistenceUnitInfo [name: default]
2025-10-08T04:34:21.667+02:00  INFO 404 --- [pantoja] [main] org.hibernate.Version                    : HHH000412: Hibernate ORM core version 6.6.29.Final
2025-10-08T04:34:21.706+02:00  INFO 404 --- [pantoja] [main] o.h.c.internal.RegionFactoryInitiator    : HHH000026: Second-level cache disabled
2025-10-08T04:34:22.094+02:00  INFO 404 --- [pantoja] [main] o.s.o.j.p.SpringPersistenceUnitInfo      : No LoadTimeWeaver setup: ignoring JPA class transformer
2025-10-08T04:34:22.145+02:00  INFO 404 --- [pantoja] [main] com.zaxxer.hikari.HikariDataSource       : HikariPool-1 - Starting...
2025-10-08T04:34:23.029+02:00  INFO 404 --- [pantoja] [main] com.zaxxer.hikari.pool.HikariPool        : HikariPool-1 - Added connection oracle.jdbc.driver.T4CConnection@64dfb31d
2025-10-08T04:34:23.031+02:00  INFO 404 --- [pantoja] [main] com.zaxxer.hikari.HikariDataSource       : HikariPool-1 - Start completed.
2025-10-08T04:34:23.548+02:00  INFO 404 --- [pantoja] [main] org.hibernate.orm.connections.pooling    : HHH10001005: Database info:
	Database JDBC URL [Connecting through datasource 'HikariDataSource (HikariPool-1)']
	Database driver: undefined/unknown
	Database version: 21.3
	Autocommit mode: undefined/unknown
	Isolation level: undefined/unknown
	Minimum pool size: undefined/unknown
	Maximum pool size: undefined/unknown
2025-10-08T04:34:24.845+02:00  INFO 404 --- [pantoja] [main] o.h.e.t.j.p.i.JtaPlatformInitiator       : HHH000489: No JTA platform available (set 'hibernate.transaction.jta.platform' to enable JTA platform integration)
2025-10-08T04:34:25.115+02:00  INFO 404 --- [pantoja] [main] j.LocalContainerEntityManagerFactoryBean : Initialized JPA EntityManagerFactory for persistence unit 'default'
2025-10-08T04:34:25.956+02:00  INFO 404 --- [pantoja] [main] o.s.b.w.embedded.tomcat.TomcatWebServer  : Tomcat started on port 9090 (http) with context path '/'
2025-10-08T04:34:25.968+02:00  INFO 404 --- [pantoja] [main] pe.edu.upeu.pantoja.PantojaApplication   : Started PantojaApplication in 10.506 seconds (process running for 13.125)
2025-10-08T04:34:32.841+02:00  INFO 404 --- [pantoja] [http-nio-9090-exec-2] o.a.c.c.C.[Tomcat].[localhost].[/]       : Initializing Spring DispatcherServlet 'dispatcherServlet'
2025-10-08T04:34:32.842+02:00  INFO 404 --- [pantoja] [http-nio-9090-exec-2] o.s.web.servlet.DispatcherServlet        : Initializing Servlet 'dispatcherServlet'
2025-10-08T04:34:32.847+02:00  INFO 404 --- [pantoja] [http-nio-9090-exec-2] o.s.web.servlet.DispatcherServlet        : Completed initialization in 5 ms
2025-10-08T04:58:31.975+02:00  INFO 404 --- [pantoja] [SpringApplicationShutdownHook] o.s.b.w.e.tomcat.GracefulShutdown        : Commencing graceful shutdown. Waiting for active requests to complete
2025-10-08T04:58:31.981+02:00  INFO 404 --- [pantoja] [tomcat-shutdown] o.s.b.w.e.tomcat.GracefulShutdown        : Graceful shutdown complete
2025-10-08T04:58:31.996+02:00  INFO 404 --- [pantoja] [SpringApplicationShutdownHook] j.LocalContainerEntityManagerFactoryBean : Closing JPA EntityManagerFactory for persistence unit 'default'
2025-10-08T04:58:32.020+02:00  INFO 404 --- [pantoja] [SpringApplicationShutdownHook] com.zaxxer.hikari.HikariDataSource       : HikariPool-1 - Shutdown initiated...
2025-10-08T04:58:32.036+02:00  INFO 404 --- [pantoja] [SpringApplicationShutdownHook] com.zaxxer.hikari.HikariDataSource       : HikariPool-1 - Shutdown completed.
2025-10-08T04:58:46.070+02:00  INFO 9172 --- [pantoja] [main] pe.edu.upeu.pantoja.PantojaApplication   : Starting PantojaApplication using Java 24.0.2 with PID 9172 (C:\Users\Yusaki\Documents\Nueva carpeta\target\classes started by Yusaki in C:\Users\Yusaki\Documents\Nueva carpeta)
2025-10-08T04:58:46.072+02:00  INFO 9172 --- [pantoja] [main] pe.edu.upeu.pantoja.PantojaApplication   : No active profile set, falling back to 1 default profile: "default"
2025-10-08T04:58:47.986+02:00  INFO 9172 --- [pantoja] [main] .s.d.r.c.RepositoryConfigurationDelegate : Bootstrapping Spring Data JPA repositories in DEFAULT mode.
2025-10-08T04:58:48.128+02:00  INFO 9172 --- [pantoja] [main] .s.d.r.c.RepositoryConfigurationDelegate : Finished Spring Data repository scanning in 107 ms. Found 4 JPA repository interfaces.
2025-10-08T04:58:49.248+02:00  INFO 9172 --- [pantoja] [main] o.s.b.w.embedded.tomcat.TomcatWebServer  : Tomcat initialized with port 9090 (http)
2025-10-08T04:58:49.307+02:00  INFO 9172 --- [pantoja] [main] o.apache.catalina.core.StandardService   : Starting service [Tomcat]
2025-10-08T04:58:49.307+02:00  INFO 9172 --- [pantoja] [main] o.apache.catalina.core.StandardEngine    : Starting Servlet engine: [Apache Tomcat/10.1.46]
2025-10-08T04:58:49.428+02:00  INFO 9172 --- [pantoja] [main] o.a.c.c.C.[Tomcat].[localhost].[/]       : Initializing Spring embedded WebApplicationContext
2025-10-08T04:58:49.429+02:00  INFO 9172 --- [pantoja] [main] w.s.c.ServletWebServerApplicationContext : Root WebApplicationContext: initialization completed in 3248 ms
2025-10-08T04:58:50.020+02:00  INFO 9172 --- [pantoja] [main] o.hibernate.jpa.internal.util.LogHelper  : HHH000204: Processing PersistenceUnitInfo [name: default]
2025-10-08T04:58:50.101+02:00  INFO 9172 --- [pantoja] [main] org.hibernate.Version                    : HHH000412: Hibernate ORM core version 6.6.29.Final
2025-10-08T04:58:50.141+02:00  INFO 9172 --- [pantoja] [main] o.h.c.internal.RegionFactoryInitiator    : HHH000026: Second-level cache disabled
2025-10-08T04:58:50.599+02:00  INFO 9172 --- [pantoja] [main] o.s.o.j.p.SpringPersistenceUnitInfo      : No LoadTimeWeaver setup: ignoring JPA class transformer
2025-10-08T04:58:50.654+02:00  INFO 9172 --- [pantoja] [main] com.zaxxer.hikari.HikariDataSource       : HikariPool-1 - Starting...
2025-10-08T04:58:51.305+02:00  INFO 9172 --- [pantoja] [main] com.zaxxer.hikari.pool.HikariPool        : HikariPool-1 - Added connection oracle.jdbc.driver.T4CConnection@9f0fc36
2025-10-08T04:58:51.307+02:00  INFO 9172 --- [pantoja] [main] com.zaxxer.hikari.HikariDataSource       : HikariPool-1 - Start completed.
2025-10-08T04:58:52.153+02:00  INFO 9172 --- [pantoja] [main] org.hibernate.orm.connections.pooling    : HHH10001005: Database info:
	Database JDBC URL [Connecting through datasource 'HikariDataSource (HikariPool-1)']
	Database driver: undefined/unknown
	Database version: 21.3
	Autocommit mode: undefined/unknown
	Isolation level: undefined/unknown
	Minimum pool size: undefined/unknown
	Maximum pool size: undefined/unknown
2025-10-08T04:58:53.654+02:00  INFO 9172 --- [pantoja] [main] o.h.e.t.j.p.i.JtaPlatformInitiator       : HHH000489: No JTA platform available (set 'hibernate.transaction.jta.platform' to enable JTA platform integration)
2025-10-08T04:58:53.828+02:00  INFO 9172 --- [pantoja] [main] j.LocalContainerEntityManagerFactoryBean : Initialized JPA EntityManagerFactory for persistence unit 'default'
2025-10-08T04:58:54.534+02:00  INFO 9172 --- [pantoja] [main] o.s.b.w.embedded.tomcat.TomcatWebServer  : Tomcat started on port 9090 (http) with context path '/'
2025-10-08T04:58:54.543+02:00  INFO 9172 --- [pantoja] [main] pe.edu.upeu.pantoja.PantojaApplication   : Started PantojaApplication in 9.642 seconds (process running for 11.199)
2025-10-08T04:58:58.896+02:00  INFO 9172 --- [pantoja] [http-nio-9090-exec-2] o.a.c.c.C.[Tomcat].[localhost].[/]       : Initializing Spring DispatcherServlet 'dispatcherServlet'
2025-10-08T04:58:58.900+02:00  INFO 9172 --- [pantoja] [http-nio-9090-exec-2] o.s.web.servlet.DispatcherServlet        : Initializing Servlet 'dispatcherServlet'
2025-10-08T04:58:58.902+02:00  INFO 9172 --- [pantoja] [http-nio-9090-exec-2] o.s.web.servlet.DispatcherServlet        : Completed initialization in 2 ms
2025-10-08T04:59:18.401+02:00  INFO 9172 --- [pantoja] [SpringApplicationShutdownHook] o.s.b.w.e.tomcat.GracefulShutdown        : Commencing graceful shutdown. Waiting for active requests to complete
2025-10-08T04:59:18.404+02:00  INFO 9172 --- [pantoja] [tomcat-shutdown] o.s.b.w.e.tomcat.GracefulShutdown        : Graceful shutdown complete
2025-10-08T04:59:18.407+02:00  INFO 9172 --- [pantoja] [SpringApplicationShutdownHook] j.LocalContainerEntityManagerFactoryBean : Closing JPA EntityManagerFactory for persistence unit 'default'
2025-10-08T04:59:18.410+02:00  INFO 9172 --- [pantoja] [SpringApplicationShutdownHook] com.zaxxer.hikari.HikariDataSource       : HikariPool-1 - Shutdown initiated...
2025-10-08T04:59:18.426+02:00  INFO 9172 --- [pantoja] [SpringApplicationShutdownHook] com.zaxxer.hikari.HikariDataSource       : HikariPool-1 - Shutdown completed.
2025-10-08T05:24:22.785+02:00  INFO 6128 --- [pantoja] [main] pe.edu.upeu.pantoja.PantojaApplication   : Starting PantojaApplication using Java 24.0.2 with PID 6128 (C:\Users\Yusaki\Documents\Nueva carpeta\target\classes started by Yusaki in C:\Users\Yusaki\Documents\Nueva carpeta)
2025-10-08T05:24:22.799+02:00  INFO 6128 --- [pantoja] [main] pe.edu.upeu.pantoja.PantojaApplication   : No active profile set, falling back to 1 default profile: "default"
2025-10-08T05:24:25.312+02:00  INFO 6128 --- [pantoja] [main] .s.d.r.c.RepositoryConfigurationDelegate : Bootstrapping Spring Data JPA repositories in DEFAULT mode.
2025-10-08T05:24:25.532+02:00  INFO 6128 --- [pantoja] [main] .s.d.r.c.RepositoryConfigurationDelegate : Finished Spring Data repository scanning in 116 ms. Found 4 JPA repository interfaces.
2025-10-08T05:24:27.006+02:00  INFO 6128 --- [pantoja] [main] o.s.b.w.embedded.tomcat.TomcatWebServer  : Tomcat initialized with port 9090 (http)
2025-10-08T05:24:27.082+02:00  INFO 6128 --- [pantoja] [main] o.apache.catalina.core.StandardService   : Starting service [Tomcat]
2025-10-08T05:24:27.083+02:00  INFO 6128 --- [pantoja] [main] o.apache.catalina.core.StandardEngine    : Starting Servlet engine: [Apache Tomcat/10.1.46]
2025-10-08T05:24:27.227+02:00  INFO 6128 --- [pantoja] [main] o.a.c.c.C.[Tomcat].[localhost].[/]       : Initializing Spring embedded WebApplicationContext
2025-10-08T05:24:27.228+02:00  INFO 6128 --- [pantoja] [main] w.s.c.ServletWebServerApplicationContext : Root WebApplicationContext: initialization completed in 4345 ms
2025-10-08T05:24:28.269+02:00  INFO 6128 --- [pantoja] [main] o.hibernate.jpa.internal.util.LogHelper  : HHH000204: Processing PersistenceUnitInfo [name: default]
2025-10-08T05:24:28.408+02:00  INFO 6128 --- [pantoja] [main] org.hibernate.Version                    : HHH000412: Hibernate ORM core version 6.6.29.Final
2025-10-08T05:24:28.456+02:00  INFO 6128 --- [pantoja] [main] o.h.c.internal.RegionFactoryInitiator    : HHH000026: Second-level cache disabled
2025-10-08T05:24:29.123+02:00  INFO 6128 --- [pantoja] [main] o.s.o.j.p.SpringPersistenceUnitInfo      : No LoadTimeWeaver setup: ignoring JPA class transformer
2025-10-08T05:24:29.196+02:00  INFO 6128 --- [pantoja] [main] com.zaxxer.hikari.HikariDataSource       : HikariPool-1 - Starting...
2025-10-08T05:24:29.880+02:00  INFO 6128 --- [pantoja] [main] com.zaxxer.hikari.pool.HikariPool        : HikariPool-1 - Added connection oracle.jdbc.driver.T4CConnection@738a815c
2025-10-08T05:24:29.882+02:00  INFO 6128 --- [pantoja] [main] com.zaxxer.hikari.HikariDataSource       : HikariPool-1 - Start completed.
2025-10-08T05:24:30.427+02:00  INFO 6128 --- [pantoja] [main] org.hibernate.orm.connections.pooling    : HHH10001005: Database info:
	Database JDBC URL [Connecting through datasource 'HikariDataSource (HikariPool-1)']
	Database driver: undefined/unknown
	Database version: 21.3
	Autocommit mode: undefined/unknown
	Isolation level: undefined/unknown
	Minimum pool size: undefined/unknown
	Maximum pool size: undefined/unknown
2025-10-08T05:24:31.991+02:00  INFO 6128 --- [pantoja] [main] o.h.e.t.j.p.i.JtaPlatformInitiator       : HHH000489: No JTA platform available (set 'hibernate.transaction.jta.platform' to enable JTA platform integration)
2025-10-08T05:24:32.278+02:00  INFO 6128 --- [pantoja] [main] j.LocalContainerEntityManagerFactoryBean : Initialized JPA EntityManagerFactory for persistence unit 'default'
2025-10-08T05:24:33.400+02:00  INFO 6128 --- [pantoja] [main] o.s.b.w.embedded.tomcat.TomcatWebServer  : Tomcat started on port 9090 (http) with context path '/'
2025-10-08T05:24:33.413+02:00  INFO 6128 --- [pantoja] [main] pe.edu.upeu.pantoja.PantojaApplication   : Started PantojaApplication in 12.027 seconds (process running for 13.289)
2025-10-08T05:24:52.485+02:00  INFO 6128 --- [pantoja] [http-nio-9090-exec-1] o.a.c.c.C.[Tomcat].[localhost].[/]       : Initializing Spring DispatcherServlet 'dispatcherServlet'
2025-10-08T05:24:52.485+02:00  INFO 6128 --- [pantoja] [http-nio-9090-exec-1] o.s.web.servlet.DispatcherServlet        : Initializing Servlet 'dispatcherServlet'
2025-10-08T05:24:52.486+02:00  INFO 6128 --- [pantoja] [http-nio-9090-exec-1] o.s.web.servlet.DispatcherServlet        : Completed initialization in 1 ms
2025-10-08T05:28:26.611+02:00  INFO 6128 --- [pantoja] [SpringApplicationShutdownHook] o.s.b.w.e.tomcat.GracefulShutdown        : Commencing graceful shutdown. Waiting for active requests to complete
2025-10-08T05:28:26.614+02:00  INFO 6128 --- [pantoja] [tomcat-shutdown] o.s.b.w.e.tomcat.GracefulShutdown        : Graceful shutdown complete
2025-10-08T05:28:26.617+02:00  INFO 6128 --- [pantoja] [SpringApplicationShutdownHook] j.LocalContainerEntityManagerFactoryBean : Closing JPA EntityManagerFactory for persistence unit 'default'
2025-10-08T05:28:26.623+02:00  INFO 6128 --- [pantoja] [SpringApplicationShutdownHook] com.zaxxer.hikari.HikariDataSource       : HikariPool-1 - Shutdown initiated...
2025-10-08T05:28:26.637+02:00  INFO 6128 --- [pantoja] [SpringApplicationShutdownHook] com.zaxxer.hikari.HikariDataSource       : HikariPool-1 - Shutdown completed.
